This file contains any messages produced by compilers while
running configure, to aid debugging if configure makes a mistake.

It was created by mcxx configure 1.3.5.8, which was
generated by GNU Autoconf 2.69.  Invocation command line was

  $ ./configure --enable-tl-openmp-profile --enable-bison-regeneration

## --------- ##
## Platform. ##
## --------- ##

hostname = sdruix-P5K-VM
uname -m = i686
uname -r = 3.13.0-37-generic
uname -s = Linux
uname -v = #64-Ubuntu SMP Mon Sep 22 21:30:01 UTC 2014

/usr/bin/uname -p = unknown
/bin/uname -X     = unknown

/bin/arch              = unknown
/usr/bin/arch -k       = unknown
/usr/convex/getsysinfo = unknown
/usr/bin/hostinfo      = unknown
/bin/machine           = unknown
/usr/bin/oslevel       = unknown
/bin/universe          = unknown

PATH: /usr/local/sbin
PATH: /usr/local/bin
PATH: /usr/sbin
PATH: /usr/bin
PATH: /sbin
PATH: /bin
PATH: /usr/games
PATH: /usr/local/games
PATH: /opt/apache-maven/bin


## ----------- ##
## Core tests. ##
## ----------- ##

configure:2730: checking build system type
configure:2744: result: i686-pc-linux-gnu
configure:2764: checking host system type
configure:2777: result: i686-pc-linux-gnu
configure:2797: checking target system type
configure:2810: result: i686-pc-linux-gnu
configure:2842: checking if gcc is 4.4.X
configure:2895: checking for gcc
configure:2911: found /usr/bin/gcc
configure:2922: result: gcc
configure:3151: checking for C compiler version
configure:3160: gcc --version >&5
gcc (Ubuntu/Linaro 4.4.7-8ubuntu1) 4.4.7
Copyright (C) 2010 Free Software Foundation, Inc.
This is free software; see the source for copying conditions.  There is NO
warranty; not even for MERCHANTABILITY or FITNESS FOR A PARTICULAR PURPOSE.

configure:3171: $? = 0
configure:3160: gcc -v >&5
Using built-in specs.
Target: i686-linux-gnu
Configured with: ../src/configure -v --with-pkgversion='Ubuntu/Linaro 4.4.7-8ubuntu1' --with-bugurl=file:///usr/share/doc/gcc-4.4/README.Bugs --enable-languages=c,c++,fortran --prefix=/usr --program-suffix=-4.4 --enable-shared --enable-linker-build-id --with-system-zlib --libexecdir=/usr/lib --without-included-gettext --enable-threads=posix --with-gxx-include-dir=/usr/include/c++/4.4 --libdir=/usr/lib --enable-nls --with-sysroot=/ --enable-clocale=gnu --enable-libstdcxx-debug --disable-libmudflap --enable-targets=all --disable-werror --with-arch-32=i686 --with-tune=generic --enable-checking=release --build=i686-linux-gnu --host=i686-linux-gnu --target=i686-linux-gnu
Thread model: posix
gcc version 4.4.7 (Ubuntu/Linaro 4.4.7-8ubuntu1) 
configure:3171: $? = 0
configure:3160: gcc -V >&5
gcc: '-V' option must have argument
configure:3171: $? = 1
configure:3160: gcc -qversion >&5
gcc: unrecognized option '-qversion'
gcc: no input files
configure:3171: $? = 1
configure:3191: checking whether the C compiler works
configure:3213: gcc    conftest.c  >&5
configure:3217: $? = 0
configure:3265: result: yes
configure:3268: checking for C compiler default output file name
configure:3270: result: a.out
configure:3276: checking for suffix of executables
configure:3283: gcc -o conftest    conftest.c  >&5
configure:3287: $? = 0
configure:3309: result: 
configure:3331: checking whether we are cross compiling
configure:3339: gcc -o conftest    conftest.c  >&5
configure:3343: $? = 0
configure:3350: ./conftest
configure:3354: $? = 0
configure:3369: result: no
configure:3374: checking for suffix of object files
configure:3396: gcc -c   conftest.c >&5
configure:3400: $? = 0
configure:3421: result: o
configure:3425: checking whether we are using the GNU C compiler
configure:3444: gcc -c   conftest.c >&5
configure:3444: $? = 0
configure:3453: result: yes
configure:3462: checking whether gcc accepts -g
configure:3482: gcc -c -g  conftest.c >&5
configure:3482: $? = 0
configure:3523: result: yes
configure:3540: checking for gcc option to accept ISO C89
configure:3603: gcc  -c -g -O2  conftest.c >&5
configure:3603: $? = 0
configure:3616: result: none needed
configure:3641: checking whether gcc understands -c and -o together
configure:3663: gcc -c conftest.c -o conftest2.o
configure:3666: $? = 0
configure:3663: gcc -c conftest.c -o conftest2.o
configure:3666: $? = 0
configure:3678: result: yes
configure:3714: gcc -c -g -O2  conftest.c >&5
configure:3714: $? = 0
configure:3715: result: ok
configure:3724: checking if g++ is 4.4.X
configure:3744: gcc -c -g -O2  conftest.c >&5
conftest.c:10: warning: extra tokens at end of #ifdef directive
configure:3744: $? = 0
configure:3745: result: ok
configure:3811: checking for g++
configure:3827: found /usr/bin/g++
configure:3838: result: g++
configure:3865: checking for C++ compiler version
configure:3874: g++ --version >&5
g++ (Ubuntu/Linaro 4.4.7-8ubuntu1) 4.4.7
Copyright (C) 2010 Free Software Foundation, Inc.
This is free software; see the source for copying conditions.  There is NO
warranty; not even for MERCHANTABILITY or FITNESS FOR A PARTICULAR PURPOSE.

configure:3885: $? = 0
configure:3874: g++ -v >&5
Using built-in specs.
Target: i686-linux-gnu
Configured with: ../src/configure -v --with-pkgversion='Ubuntu/Linaro 4.4.7-8ubuntu1' --with-bugurl=file:///usr/share/doc/gcc-4.4/README.Bugs --enable-languages=c,c++,fortran --prefix=/usr --program-suffix=-4.4 --enable-shared --enable-linker-build-id --with-system-zlib --libexecdir=/usr/lib --without-included-gettext --enable-threads=posix --with-gxx-include-dir=/usr/include/c++/4.4 --libdir=/usr/lib --enable-nls --with-sysroot=/ --enable-clocale=gnu --enable-libstdcxx-debug --disable-libmudflap --enable-targets=all --disable-werror --with-arch-32=i686 --with-tune=generic --enable-checking=release --build=i686-linux-gnu --host=i686-linux-gnu --target=i686-linux-gnu
Thread model: posix
gcc version 4.4.7 (Ubuntu/Linaro 4.4.7-8ubuntu1) 
configure:3885: $? = 0
configure:3874: g++ -V >&5
g++: '-V' option must have argument
configure:3885: $? = 1
configure:3874: g++ -qversion >&5
g++: unrecognized option '-qversion'
g++: no input files
configure:3885: $? = 1
configure:3889: checking whether we are using the GNU C++ compiler
configure:3908: g++ -c   conftest.cpp >&5
configure:3908: $? = 0
configure:3917: result: yes
configure:3926: checking whether g++ accepts -g
configure:3946: g++ -c -g  conftest.cpp >&5
configure:3946: $? = 0
configure:3987: result: yes
configure:4018: checking whether g++ supports C++11 features by default
configure:4033: g++ -c -g -O2  conftest.cpp >&5
In file included from /usr/include/c++/4.4/unordered_map:35,
                 from conftest.cpp:12:
/usr/include/c++/4.4/c++0x_warning.h:31: error: #error This file requires compiler and library support for the upcoming ISO C++ standard, C++0x. This support is currently experimental, and must be enabled with the -std=c++0x or -std=gnu++0x compiler options.
conftest.cpp:14: error: expected constructor, destructor, or type conversion before '<' token
configure:4033: $? = 1
configure: failed program was:
| /* confdefs.h */
| #define PACKAGE_NAME "mcxx"
| #define PACKAGE_TARNAME "mcxx"
| #define PACKAGE_VERSION "1.3.5.8"
| #define PACKAGE_STRING "mcxx 1.3.5.8"
| #define PACKAGE_BUGREPORT "rferrer@ac.upc.edu"
| #define PACKAGE_URL ""
| /* end confdefs.h.  */
| 
|   #include <vector>
| #include <string>
| #include <unordered_map>
|     std::vector<std::string> mapbynameSvector;
|     std::unordered_map <int, std::vector<std::string> > _where_put_dS;
| 
configure:4040: result: no
configure:4049: checking whether g++ supports C++11 features with -std=gnu++11
configure:4066: g++ -c -g -O2 -std=gnu++11  conftest.cpp >&5
cc1plus: error: unrecognized command line option "-std=gnu++11"
configure:4066: $? = 1
configure: failed program was:
| /* confdefs.h */
| #define PACKAGE_NAME "mcxx"
| #define PACKAGE_TARNAME "mcxx"
| #define PACKAGE_VERSION "1.3.5.8"
| #define PACKAGE_STRING "mcxx 1.3.5.8"
| #define PACKAGE_BUGREPORT "rferrer@ac.upc.edu"
| #define PACKAGE_URL ""
| /* end confdefs.h.  */
| 
|   #include <vector>
| #include <string>
| #include <unordered_map>
|     std::vector<std::string> mapbynameSvector;
|     std::unordered_map <int, std::vector<std::string> > _where_put_dS;
| 
configure:4075: result: no
configure:4049: checking whether g++ supports C++11 features with -std=gnu++0x
configure:4066: g++ -c -g -O2 -std=gnu++0x  conftest.cpp >&5
configure:4066: $? = 0
configure:4075: result: yes
configure:4128: checking for a BSD-compatible install
configure:4196: result: /usr/bin/install -c
configure:4207: checking whether build environment is sane
configure:4262: result: yes
configure:4410: checking for a thread-safe mkdir -p
configure:4449: result: /bin/mkdir -p
configure:4456: checking for gawk
configure:4486: result: no
configure:4456: checking for mawk
configure:4472: found /usr/bin/mawk
configure:4483: result: mawk
configure:4494: checking whether make sets $(MAKE)
configure:4516: result: yes
configure:4546: checking for style of include used by make
configure:4574: result: GNU
configure:4608: checking whether make supports nested variables
configure:4625: result: yes
configure:4710: checking dependency style of gcc
configure:4821: result: gcc3
configure:4838: checking dependency style of g++
configure:4949: result: gcc3
configure:5019: checking whether make supports nested variables
configure:5036: result: yes
configure:5119: checking for gcc
configure:5146: result: gcc
configure:5375: checking for C compiler version
configure:5384: gcc --version >&5
gcc (Ubuntu/Linaro 4.4.7-8ubuntu1) 4.4.7
Copyright (C) 2010 Free Software Foundation, Inc.
This is free software; see the source for copying conditions.  There is NO
warranty; not even for MERCHANTABILITY or FITNESS FOR A PARTICULAR PURPOSE.

configure:5395: $? = 0
configure:5384: gcc -v >&5
Using built-in specs.
Target: i686-linux-gnu
Configured with: ../src/configure -v --with-pkgversion='Ubuntu/Linaro 4.4.7-8ubuntu1' --with-bugurl=file:///usr/share/doc/gcc-4.4/README.Bugs --enable-languages=c,c++,fortran --prefix=/usr --program-suffix=-4.4 --enable-shared --enable-linker-build-id --with-system-zlib --libexecdir=/usr/lib --without-included-gettext --enable-threads=posix --with-gxx-include-dir=/usr/include/c++/4.4 --libdir=/usr/lib --enable-nls --with-sysroot=/ --enable-clocale=gnu --enable-libstdcxx-debug --disable-libmudflap --enable-targets=all --disable-werror --with-arch-32=i686 --with-tune=generic --enable-checking=release --build=i686-linux-gnu --host=i686-linux-gnu --target=i686-linux-gnu
Thread model: posix
gcc version 4.4.7 (Ubuntu/Linaro 4.4.7-8ubuntu1) 
configure:5395: $? = 0
configure:5384: gcc -V >&5
gcc: '-V' option must have argument
configure:5395: $? = 1
configure:5384: gcc -qversion >&5
gcc: unrecognized option '-qversion'
gcc: no input files
configure:5395: $? = 1
configure:5399: checking whether we are using the GNU C compiler
configure:5427: result: yes
configure:5436: checking whether gcc accepts -g
configure:5497: result: yes
configure:5514: checking for gcc option to accept ISO C89
configure:5590: result: none needed
configure:5615: checking whether gcc understands -c and -o together
configure:5652: result: yes
configure:5696: checking for a sed that does not truncate output
configure:5760: result: /bin/sed
configure:5778: checking for grep that handles long lines and -e
configure:5836: result: /bin/grep
configure:5841: checking for egrep
configure:5903: result: /bin/grep -E
configure:5908: checking for fgrep
configure:5970: result: /bin/grep -F
configure:6005: checking for ld used by gcc
configure:6072: result: /usr/bin/ld
configure:6079: checking if the linker (/usr/bin/ld) is GNU ld
configure:6094: result: yes
configure:6106: checking for BSD- or MS-compatible name lister (nm)
configure:6155: result: /usr/bin/nm -B
configure:6273: checking the name lister (/usr/bin/nm -B) interface
configure:6280: gcc -c -g -O2  conftest.c >&5
configure:6283: /usr/bin/nm -B "conftest.o"
configure:6286: output
00000000 B some_variable
configure:6293: result: BSD nm
configure:6296: checking whether ln -s works
configure:6300: result: yes
configure:6308: checking the maximum length of command line arguments
configure:6428: result: 1572864
configure:6445: checking whether the shell understands some XSI constructs
configure:6455: result: yes
configure:6459: checking whether the shell understands "+="
configure:6465: result: yes
configure:6500: checking for /usr/bin/ld option to reload object files
configure:6507: result: -r
configure:6576: checking for objdump
configure:6592: found /usr/bin/objdump
configure:6603: result: objdump
configure:6635: checking how to recognize dependent libraries
configure:6831: result: pass_all
configure:6891: checking for ar
configure:6907: found /usr/bin/ar
configure:6918: result: ar
configure:6996: checking for strip
configure:7012: found /usr/bin/strip
configure:7023: result: strip
configure:7095: checking for ranlib
configure:7111: found /usr/bin/ranlib
configure:7122: result: ranlib
configure:7212: checking command to parse /usr/bin/nm -B output from gcc object
configure:7330: gcc -c -g -O2  conftest.c >&5
configure:7333: $? = 0
configure:7337: /usr/bin/nm -B conftest.o \| sed -n -e 's/^.*[	 ]\([ABCDGIRSTW][ABCDGIRSTW]*\)[	 ][	 ]*\([_A-Za-z][_A-Za-z0-9]*\)$/\1 \2 \2/p' \> conftest.nm
configure:7340: $? = 0
configure:7394: gcc -o conftest -g -O2   conftest.c conftstm.o >&5
configure:7397: $? = 0
configure:7435: result: ok
configure:8243: checking how to run the C preprocessor
configure:8274: gcc -E  conftest.c
configure:8274: $? = 0
configure:8288: gcc -E  conftest.c
conftest.c:12: fatal error: ac_nonexistent.h: No such file or directory
compilation terminated.
configure:8288: $? = 1
configure: failed program was:
| /* confdefs.h */
| #define PACKAGE_NAME "mcxx"
| #define PACKAGE_TARNAME "mcxx"
| #define PACKAGE_VERSION "1.3.5.8"
| #define PACKAGE_STRING "mcxx 1.3.5.8"
| #define PACKAGE_BUGREPORT "rferrer@ac.upc.edu"
| #define PACKAGE_URL ""
| #define HAVE_CXX11 1
| #define PACKAGE "mcxx"
| #define VERSION "1.3.5.8"
| /* end confdefs.h.  */
| #include <ac_nonexistent.h>
configure:8313: result: gcc -E
configure:8333: gcc -E  conftest.c
configure:8333: $? = 0
configure:8347: gcc -E  conftest.c
conftest.c:12: fatal error: ac_nonexistent.h: No such file or directory
compilation terminated.
configure:8347: $? = 1
configure: failed program was:
| /* confdefs.h */
| #define PACKAGE_NAME "mcxx"
| #define PACKAGE_TARNAME "mcxx"
| #define PACKAGE_VERSION "1.3.5.8"
| #define PACKAGE_STRING "mcxx 1.3.5.8"
| #define PACKAGE_BUGREPORT "rferrer@ac.upc.edu"
| #define PACKAGE_URL ""
| #define HAVE_CXX11 1
| #define PACKAGE "mcxx"
| #define VERSION "1.3.5.8"
| /* end confdefs.h.  */
| #include <ac_nonexistent.h>
configure:8376: checking for ANSI C header files
configure:8396: gcc -c -g -O2  conftest.c >&5
configure:8396: $? = 0
configure:8469: gcc -o conftest -g -O2   conftest.c  >&5
configure:8469: $? = 0
configure:8469: ./conftest
configure:8469: $? = 0
configure:8480: result: yes
configure:8493: checking for sys/types.h
configure:8493: gcc -c -g -O2  conftest.c >&5
configure:8493: $? = 0
configure:8493: result: yes
configure:8493: checking for sys/stat.h
configure:8493: gcc -c -g -O2  conftest.c >&5
configure:8493: $? = 0
configure:8493: result: yes
configure:8493: checking for stdlib.h
configure:8493: gcc -c -g -O2  conftest.c >&5
configure:8493: $? = 0
configure:8493: result: yes
configure:8493: checking for string.h
configure:8493: gcc -c -g -O2  conftest.c >&5
configure:8493: $? = 0
configure:8493: result: yes
configure:8493: checking for memory.h
configure:8493: gcc -c -g -O2  conftest.c >&5
configure:8493: $? = 0
configure:8493: result: yes
configure:8493: checking for strings.h
configure:8493: gcc -c -g -O2  conftest.c >&5
configure:8493: $? = 0
configure:8493: result: yes
configure:8493: checking for inttypes.h
configure:8493: gcc -c -g -O2  conftest.c >&5
configure:8493: $? = 0
configure:8493: result: yes
configure:8493: checking for stdint.h
configure:8493: gcc -c -g -O2  conftest.c >&5
configure:8493: $? = 0
configure:8493: result: yes
configure:8493: checking for unistd.h
configure:8493: gcc -c -g -O2  conftest.c >&5
configure:8493: $? = 0
configure:8493: result: yes
configure:8507: checking for dlfcn.h
configure:8507: gcc -c -g -O2  conftest.c >&5
configure:8507: $? = 0
configure:8507: result: yes
configure:8632: checking for C++ compiler version
configure:8641: g++ --version >&5
g++ (Ubuntu/Linaro 4.4.7-8ubuntu1) 4.4.7
Copyright (C) 2010 Free Software Foundation, Inc.
This is free software; see the source for copying conditions.  There is NO
warranty; not even for MERCHANTABILITY or FITNESS FOR A PARTICULAR PURPOSE.

configure:8652: $? = 0
configure:8641: g++ -v >&5
Using built-in specs.
Target: i686-linux-gnu
Configured with: ../src/configure -v --with-pkgversion='Ubuntu/Linaro 4.4.7-8ubuntu1' --with-bugurl=file:///usr/share/doc/gcc-4.4/README.Bugs --enable-languages=c,c++,fortran --prefix=/usr --program-suffix=-4.4 --enable-shared --enable-linker-build-id --with-system-zlib --libexecdir=/usr/lib --without-included-gettext --enable-threads=posix --with-gxx-include-dir=/usr/include/c++/4.4 --libdir=/usr/lib --enable-nls --with-sysroot=/ --enable-clocale=gnu --enable-libstdcxx-debug --disable-libmudflap --enable-targets=all --disable-werror --with-arch-32=i686 --with-tune=generic --enable-checking=release --build=i686-linux-gnu --host=i686-linux-gnu --target=i686-linux-gnu
Thread model: posix
gcc version 4.4.7 (Ubuntu/Linaro 4.4.7-8ubuntu1) 
configure:8652: $? = 0
configure:8641: g++ -V >&5
g++: '-V' option must have argument
configure:8652: $? = 1
configure:8641: g++ -qversion >&5
g++: unrecognized option '-qversion'
g++: no input files
configure:8652: $? = 1
configure:8656: checking whether we are using the GNU C++ compiler
configure:8684: result: yes
configure:8693: checking whether g++ accepts -g
configure:8754: result: yes
configure:8785: checking how to run the C++ preprocessor
configure:8812: g++ -E  conftest.cpp
configure:8812: $? = 0
configure:8826: g++ -E  conftest.cpp
conftest.cpp:23: fatal error: ac_nonexistent.h: No such file or directory
compilation terminated.
configure:8826: $? = 1
configure: failed program was:
| /* confdefs.h */
| #define PACKAGE_NAME "mcxx"
| #define PACKAGE_TARNAME "mcxx"
| #define PACKAGE_VERSION "1.3.5.8"
| #define PACKAGE_STRING "mcxx 1.3.5.8"
| #define PACKAGE_BUGREPORT "rferrer@ac.upc.edu"
| #define PACKAGE_URL ""
| #define HAVE_CXX11 1
| #define PACKAGE "mcxx"
| #define VERSION "1.3.5.8"
| #define STDC_HEADERS 1
| #define HAVE_SYS_TYPES_H 1
| #define HAVE_SYS_STAT_H 1
| #define HAVE_STDLIB_H 1
| #define HAVE_STRING_H 1
| #define HAVE_MEMORY_H 1
| #define HAVE_STRINGS_H 1
| #define HAVE_INTTYPES_H 1
| #define HAVE_STDINT_H 1
| #define HAVE_UNISTD_H 1
| #define HAVE_DLFCN_H 1
| /* end confdefs.h.  */
| #include <ac_nonexistent.h>
configure:8851: result: g++ -E
configure:8871: g++ -E  conftest.cpp
configure:8871: $? = 0
configure:8885: g++ -E  conftest.cpp
conftest.cpp:23: fatal error: ac_nonexistent.h: No such file or directory
compilation terminated.
configure:8885: $? = 1
configure: failed program was:
| /* confdefs.h */
| #define PACKAGE_NAME "mcxx"
| #define PACKAGE_TARNAME "mcxx"
| #define PACKAGE_VERSION "1.3.5.8"
| #define PACKAGE_STRING "mcxx 1.3.5.8"
| #define PACKAGE_BUGREPORT "rferrer@ac.upc.edu"
| #define PACKAGE_URL ""
| #define HAVE_CXX11 1
| #define PACKAGE "mcxx"
| #define VERSION "1.3.5.8"
| #define STDC_HEADERS 1
| #define HAVE_SYS_TYPES_H 1
| #define HAVE_SYS_STAT_H 1
| #define HAVE_STDLIB_H 1
| #define HAVE_STRING_H 1
| #define HAVE_MEMORY_H 1
| #define HAVE_STRINGS_H 1
| #define HAVE_INTTYPES_H 1
| #define HAVE_STDINT_H 1
| #define HAVE_UNISTD_H 1
| #define HAVE_DLFCN_H 1
| /* end confdefs.h.  */
| #include <ac_nonexistent.h>
configure:9089: checking for objdir
configure:9104: result: .libs
configure:9400: checking if gcc supports -fno-rtti -fno-exceptions
configure:9418: gcc -c -g -O2  -fno-rtti -fno-exceptions conftest.c >&5
cc1: warning: command line option "-fno-rtti" is valid for C++/ObjC++ but not for C
configure:9422: $? = 0
configure:9435: result: no
configure:9455: checking for gcc option to produce PIC
configure:9727: result: -fPIC -DPIC
configure:9739: checking if gcc PIC flag -fPIC -DPIC works
configure:9757: gcc -c -g -O2  -fPIC -DPIC -DPIC conftest.c >&5
configure:9761: $? = 0
configure:9774: result: yes
configure:9798: checking if gcc static flag -static works
configure:9826: result: yes
configure:9841: checking if gcc supports -c -o file.o
configure:9862: gcc -c -g -O2  -o out/conftest2.o conftest.c >&5
configure:9866: $? = 0
configure:9888: result: yes
configure:9896: checking if gcc supports -c -o file.o
configure:9943: result: yes
configure:9976: checking whether the gcc linker (/usr/bin/ld) supports shared libraries
configure:10967: result: yes
configure:11004: checking whether -lc should be explicitly linked in
configure:11009: gcc -c -g -O2  conftest.c >&5
configure:11012: $? = 0
configure:11027: gcc -shared conftest.o  -v -Wl,-soname -Wl,conftest -o conftest 2\>\&1 \| /bin/grep  -lc  \>/dev/null 2\>\&1
configure:11030: $? = 0
configure:11042: result: no
configure:11206: checking dynamic linker characteristics
configure:11639: gcc -o conftest -g -O2   -Wl,-rpath -Wl,/foo conftest.c  >&5
configure:11639: $? = 0
configure:11869: result: GNU/Linux ld.so
configure:11971: checking how to hardcode library paths into programs
configure:11996: result: immediate
configure:12516: checking whether stripping libraries is possible
configure:12521: result: yes
configure:12556: checking if libtool supports shared libraries
configure:12558: result: yes
configure:12561: checking whether to build shared libraries
configure:12582: result: yes
configure:12585: checking whether to build static libraries
configure:12589: result: no
configure:12739: checking for ld used by g++
configure:12806: result: /usr/bin/ld
configure:12813: checking if the linker (/usr/bin/ld) is GNU ld
configure:12828: result: yes
configure:12883: checking whether the g++ linker (/usr/bin/ld) supports shared libraries
configure:13796: result: yes
configure:13824: g++ -c -g -O2 -std=gnu++0x  conftest.cpp >&5
configure:13827: $? = 0
configure:14009: checking for g++ option to produce PIC
configure:14326: result: -fPIC -DPIC
configure:14335: checking if g++ PIC flag -fPIC -DPIC works
configure:14353: g++ -c -g -O2 -std=gnu++0x  -fPIC -DPIC -DPIC conftest.cpp >&5
configure:14357: $? = 0
configure:14370: result: yes
configure:14391: checking if g++ static flag -static works
configure:14419: result: yes
configure:14431: checking if g++ supports -c -o file.o
configure:14452: g++ -c -g -O2 -std=gnu++0x  -o out/conftest2.o conftest.cpp >&5
configure:14456: $? = 0
configure:14478: result: yes
configure:14483: checking if g++ supports -c -o file.o
configure:14530: result: yes
configure:14560: checking whether the g++ linker (/usr/bin/ld) supports shared libraries
configure:14589: result: yes
configure:14726: checking dynamic linker characteristics
configure:15107: g++ -o conftest -g -O2 -std=gnu++0x   -Wl,-rpath -Wl,/foo conftest.cpp  >&5
configure:15107: $? = 0
configure:15337: result: GNU/Linux ld.so
configure:15388: checking how to hardcode library paths into programs
configure:15413: result: immediate
configure:15477: checking how to run the C preprocessor
configure:15547: result: gcc -E
configure:15567: gcc -E  conftest.c
configure:15567: $? = 0
configure:15581: gcc -E  conftest.c
conftest.c:24: fatal error: ac_nonexistent.h: No such file or directory
compilation terminated.
configure:15581: $? = 1
configure: failed program was:
| /* confdefs.h */
| #define PACKAGE_NAME "mcxx"
| #define PACKAGE_TARNAME "mcxx"
| #define PACKAGE_VERSION "1.3.5.8"
| #define PACKAGE_STRING "mcxx 1.3.5.8"
| #define PACKAGE_BUGREPORT "rferrer@ac.upc.edu"
| #define PACKAGE_URL ""
| #define HAVE_CXX11 1
| #define PACKAGE "mcxx"
| #define VERSION "1.3.5.8"
| #define STDC_HEADERS 1
| #define HAVE_SYS_TYPES_H 1
| #define HAVE_SYS_STAT_H 1
| #define HAVE_STDLIB_H 1
| #define HAVE_STRING_H 1
| #define HAVE_MEMORY_H 1
| #define HAVE_STRINGS_H 1
| #define HAVE_INTTYPES_H 1
| #define HAVE_STDINT_H 1
| #define HAVE_UNISTD_H 1
| #define HAVE_DLFCN_H 1
| #define LT_OBJDIR ".libs/"
| /* end confdefs.h.  */
| #include <ac_nonexistent.h>
configure:15722: checking for C++ compiler version
configure:15731: g++ --version >&5
g++ (Ubuntu/Linaro 4.4.7-8ubuntu1) 4.4.7
Copyright (C) 2010 Free Software Foundation, Inc.
This is free software; see the source for copying conditions.  There is NO
warranty; not even for MERCHANTABILITY or FITNESS FOR A PARTICULAR PURPOSE.

configure:15742: $? = 0
configure:15731: g++ -v >&5
Using built-in specs.
Target: i686-linux-gnu
Configured with: ../src/configure -v --with-pkgversion='Ubuntu/Linaro 4.4.7-8ubuntu1' --with-bugurl=file:///usr/share/doc/gcc-4.4/README.Bugs --enable-languages=c,c++,fortran --prefix=/usr --program-suffix=-4.4 --enable-shared --enable-linker-build-id --with-system-zlib --libexecdir=/usr/lib --without-included-gettext --enable-threads=posix --with-gxx-include-dir=/usr/include/c++/4.4 --libdir=/usr/lib --enable-nls --with-sysroot=/ --enable-clocale=gnu --enable-libstdcxx-debug --disable-libmudflap --enable-targets=all --disable-werror --with-arch-32=i686 --with-tune=generic --enable-checking=release --build=i686-linux-gnu --host=i686-linux-gnu --target=i686-linux-gnu
Thread model: posix
gcc version 4.4.7 (Ubuntu/Linaro 4.4.7-8ubuntu1) 
configure:15742: $? = 0
configure:15731: g++ -V >&5
g++: '-V' option must have argument
configure:15742: $? = 1
configure:15731: g++ -qversion >&5
g++: unrecognized option '-qversion'
g++: no input files
configure:15742: $? = 1
configure:15746: checking whether we are using the GNU C++ compiler
configure:15774: result: yes
configure:15783: checking whether g++ accepts -g
configure:15844: result: yes
configure:15868: checking for a sed that does not truncate output
configure:15932: result: /bin/sed
configure:15938: checking whether ln -s works
configure:15942: result: yes
configure:15952: checking for bash
configure:15982: result: /bin/bash
configure:16026: checking for a Python interpreter with version >= 2.4
configure:16043: python -c import sys # split strings by '.' and convert to numeric. Append some zeros # because we need at least 4 digits for the hex conversion. # map returns an iterator in Python 3.0 and a list in 2.x minver = list(map(int, '2.4'.split('.'))) + [0, 0, 0] minverhex = 0 # xrange is not present in Python 3.0 and range returns an iterator for i in list(range(0, 4)): minverhex = (minverhex << 8) + minver[i] sys.exit(sys.hexversion < minverhex)
configure:16046: $? = 0
configure:16052: result: python
configure:16060: checking for python
configure:16078: found /usr/bin/python
configure:16090: result: /usr/bin/python
configure:16108: checking for python version
configure:16115: result: 2.7
configure:16127: checking for python platform
configure:16134: result: linux2
configure:16160: checking for python script directory
configure:16195: result: ${prefix}/lib/python2.7/dist-packages
configure:16204: checking for python extension module directory
configure:16239: result: ${exec_prefix}/lib/python2.7/dist-packages
configure:16283: checking if enabled Fortran support in the compiler
configure:16305: result: no
configure:16391: checking for pkg-config
configure:16409: found /usr/bin/pkg-config
configure:16421: result: /usr/bin/pkg-config
configure:16446: checking pkg-config is at least version 0.9.0
configure:16449: result: yes
configure:16538: checking if enabled OpenMPT (ENCORE) support in the compiler
configure:16560: result: no
configure:16567: checking if enabled OpenMPSs (ENCORE) support in the compiler
configure:16589: result: no
configure:16599: checking if enabled OpenMP TL support for Nanos++
configure:16628: result: no
configure:16702: checking whether used installation of Nanos++ has instrumentation support
configure:16715: result: no, Nanos++ library directori does not exist
configure:16726: checking if Nanos++ regions support is enabled
configure:16778: result: no, disabled by default
configure:16793: checking if SSE 4.1 support is enabled
configure:16822: result: no
configure:16838: checking if the use of GPU devices was disabled
configure:16861: result: no
configure:16941: WARNING: Directory "/usr/local/cuda" does not exist. Disabling GPU Support
configure:16974: checking if enabled OpenMP TL support for Nanos 4
configure:16997: result: no
configure:17066: checking if enabled OpenMP profile mode
configure:17074: result: yes
configure:17113: checking for icc
configure:17146: result: no
configure:17158: checking for icpc
configure:17191: result: no
configure:17208: checking for gxlc
configure:17241: result: no
configure:17253: checking for gxlc++
configure:17286: result: no
configure:17307: checking if enabled Mintaka instrumentation TL support
configure:17330: result: no
configure:17395: checking if enabled Nebelung STM TL support
configure:17418: result: no
configure:17493: checking if Cell/SMP superscalar TL support is enabled
configure:17522: result: no
configure:17533: checking which Cell/SMP superscalar runtime API version to use
configure:17634: result: none
configure:17647: checking if binaries should be installed in pkgdir
configure:17673: result: no
configure:17820: checking for flex
configure:17836: found /usr/bin/flex
configure:17848: result: flex
configure:17861: checking flex version
configure:17866: result: 2.5.4
configure:17921: checking for bison
configure:17937: found /usr/bin/bison
configure:17949: result: bison
configure:17962: checking bison version
configure:17990: result: 3.0.2, warning unsupported version but it will still be used
configure:18021: checking for gperf
configure:18037: found /usr/bin/gperf
configure:18049: result: gperf
configure:18062: checking gperf version
configure:18067: result: 3.0.4
configure:18121: checking default typing environment
configure:18182: result: linux-i386
configure:18194: checking if environment is Win32
configure:18212: result: no
configure:18228: checking for ANSI C header files
configure:18332: result: yes
configure:18342: checking for stdint.h
configure:18342: result: yes
configure:18354: checking for string.h
configure:18354: result: yes
configure:18365: checking for an ANSI C-conforming const
configure:18431: gcc -c -g -O2  conftest.c >&5
configure:18431: $? = 0
configure:18438: result: yes
configure:18447: checking for open_memstream
configure:18447: gcc -o conftest -g -O2   conftest.c  >&5
configure:18447: $? = 0
configure:18447: result: yes
configure:18455: checking for library containing mallinfo
configure:18486: gcc -o conftest -g -O2   conftest.c  >&5
configure:18486: $? = 0
configure:18503: result: none required
configure:18516: checking for mkdtemp
configure:18516: gcc -o conftest -g -O2   conftest.c  >&5
configure:18516: $? = 0
configure:18516: result: yes
configure:18542: checking for strsignal
configure:18542: gcc -o conftest -g -O2   conftest.c  >&5
configure:18542: $? = 0
configure:18542: result: yes
configure:18759: checking that generated files are newer than configure
configure:18765: result: done
configure:18840: creating ./config.status

## ---------------------- ##
## Running config.status. ##
## ---------------------- ##

This file was extended by mcxx config.status 1.3.5.8, which was
generated by GNU Autoconf 2.69.  Invocation command line was

  CONFIG_FILES    = 
  CONFIG_HEADERS  = 
  CONFIG_LINKS    = 
  CONFIG_COMMANDS = 
  $ ./config.status 

on sdruix-P5K-VM

config.status:1280: creating Makefile
config.status:1280: creating gnulib/Makefile
config.status:1280: creating lib/Makefile
config.status:1280: creating src/Makefile
config.status:1280: creating src/driver/Makefile
config.status:1280: creating src/driver/fortran/Makefile
config.status:1280: creating src/frontend/Makefile
config.status:1280: creating src/frontend/fortran/Makefile
config.status:1280: creating src/mcxx_tl/Makefile
config.status:1280: creating src/tl/Makefile
config.status:1280: creating src/tl/hlt/Makefile
config.status:1280: creating src/tl/manip/Makefile
config.status:1280: creating src/tl/omp/Makefile
config.status:1280: creating src/tl/omp/core/Makefile
config.status:1280: creating src/tl/omp/fun-tasks/Makefile
config.status:1280: creating src/tl/omp/profile/Makefile
config.status:1280: creating src/tl/omp/ss2omp/Makefile
config.status:1280: creating src/tl/omp/nanos-common/Makefile
config.status:1280: creating src/tl/omp/nanox/Makefile
config.status:1280: creating src/tl/omp/nanox/devices/Makefile
config.status:1280: creating src/tl/omp/nanox/devices/common/Makefile
config.status:1280: creating src/tl/omp/nanox/devices/smp/Makefile
config.status:1280: creating src/tl/omp/nanox/devices/smp_numa/Makefile
config.status:1280: creating src/tl/omp/nanox/devices/smp_ocl/Makefile
config.status:1280: creating src/tl/omp/nanox/devices/cuda/Makefile
config.status:1280: creating src/tl/omp/nanox/devices/gpu/Makefile
config.status:1280: creating src/tl/omp/nanos4/Makefile
config.status:1280: creating src/tl/instr/Makefile
config.status:1280: creating src/tl/instr_pthreads/Makefile
config.status:1280: creating src/tl/stm_func/Makefile
config.status:1280: creating src/tl/testing/Makefile
config.status:1280: creating src/tl/testing/sizeof/Makefile
config.status:1280: creating src/tl/examples/Makefile
config.status:1280: creating src/tl/examples/basic_phase/Makefile
config.status:1280: creating src/tl/examples/parameters/Makefile
config.status:1280: creating src/tl/examples/mypragma/Makefile
config.status:1280: creating src/tl/examples/decl_closure/Makefile
config.status:1280: creating src/tl/examples/multifile_test/Makefile
config.status:1280: creating src/tl/superscalar/Makefile
config.status:1280: creating src/tl/ss_valgrind/Makefile
config.status:1280: creating config/Makefile
config.status:1280: creating tests/Makefile
config.status:1280: creating tests/config/Makefile
config.status:1280: creating tests/config/mercurium
config.status:1280: creating tests/config/mercurium-fortran
config.status:1280: creating tests/config/mercurium-libraries
config.status:1280: creating tests/config/mercurium-extensions
config.status:1280: creating tests/config/mercurium-omp
config.status:1280: creating tests/config/mercurium-simd
config.status:1280: creating tests/config/mercurium-nanox
config.status:1280: creating tests/config/mercurium-nanos4
config.status:1280: creating tests/config/mercurium-cuda
config.status:1280: creating tests/config/mercurium-ss
config.status:1280: creating tests/config/mercurium-ss2omp
config.status:1280: creating tests/config/mercurium-stm
config.status:1280: creating tests/config/bets
config.status:1280: creating tests/05_torture_cxx_1.dg/mercurium
config.status:1280: creating tests/05_torture_cxx_2.dg/mercurium
config.status:1280: creating tests/06_phases_hlt.dg/mercurium
config.status:1280: creating doc/Makefile
config.status:1280: creating doc/doxygen_tl
config.status:1280: creating scripts/Makefile
config.status:1280: creating config.h
config.status:1461: config.h is unchanged
config.status:1509: executing depfiles commands
config.status:1509: executing libtool commands

## ---------------- ##
## Cache variables. ##
## ---------------- ##

ac_cv_build=i686-pc-linux-gnu
ac_cv_c_compiler_gnu=yes
ac_cv_c_const=yes
ac_cv_cxx_compiler_gnu=yes
ac_cv_env_BISON_set=
ac_cv_env_BISON_value=
ac_cv_env_CCC_set=
ac_cv_env_CCC_value=
ac_cv_env_CC_set=
ac_cv_env_CC_value=
ac_cv_env_CFLAGS_set=
ac_cv_env_CFLAGS_value=
ac_cv_env_CPPFLAGS_set=
ac_cv_env_CPPFLAGS_value=
ac_cv_env_CPP_set=
ac_cv_env_CPP_value=
ac_cv_env_CXXCPP_set=
ac_cv_env_CXXCPP_value=
ac_cv_env_CXXFLAGS_set=
ac_cv_env_CXXFLAGS_value=
ac_cv_env_CXX_set=
ac_cv_env_CXX_value=
ac_cv_env_FLEX_set=
ac_cv_env_FLEX_value=
ac_cv_env_GIT_set=
ac_cv_env_GIT_value=
ac_cv_env_GPERF_set=
ac_cv_env_GPERF_value=
ac_cv_env_GXLCXX_set=
ac_cv_env_GXLCXX_value=
ac_cv_env_GXLC_set=
ac_cv_env_GXLC_value=
ac_cv_env_ICC_set=
ac_cv_env_ICC_value=
ac_cv_env_ICPC_set=
ac_cv_env_ICPC_value=
ac_cv_env_LDFLAGS_set=
ac_cv_env_LDFLAGS_value=
ac_cv_env_LIBS_set=
ac_cv_env_LIBS_value=
ac_cv_env_NVCC_set=
ac_cv_env_NVCC_value=
ac_cv_env_PKG_CONFIG_LIBDIR_set=
ac_cv_env_PKG_CONFIG_LIBDIR_value=
ac_cv_env_PKG_CONFIG_PATH_set=
ac_cv_env_PKG_CONFIG_PATH_value=
ac_cv_env_PKG_CONFIG_set=
ac_cv_env_PKG_CONFIG_value=
ac_cv_env_PYTHON_set=
ac_cv_env_PYTHON_value=
ac_cv_env_build_alias_set=
ac_cv_env_build_alias_value=
ac_cv_env_host_alias_set=
ac_cv_env_host_alias_value=
ac_cv_env_sqlite3_CFLAGS_set=
ac_cv_env_sqlite3_CFLAGS_value=
ac_cv_env_sqlite3_LIBS_set=
ac_cv_env_sqlite3_LIBS_value=
ac_cv_env_target_alias_set=
ac_cv_env_target_alias_value=
ac_cv_func_mkdtemp=yes
ac_cv_func_open_memstream=yes
ac_cv_func_strsignal=yes
ac_cv_header_dlfcn_h=yes
ac_cv_header_inttypes_h=yes
ac_cv_header_memory_h=yes
ac_cv_header_stdc=yes
ac_cv_header_stdint_h=yes
ac_cv_header_stdlib_h=yes
ac_cv_header_string_h=yes
ac_cv_header_strings_h=yes
ac_cv_header_sys_stat_h=yes
ac_cv_header_sys_types_h=yes
ac_cv_header_unistd_h=yes
ac_cv_host=i686-pc-linux-gnu
ac_cv_objext=o
ac_cv_path_BASH=/bin/bash
ac_cv_path_EGREP='/bin/grep -E'
ac_cv_path_FGREP='/bin/grep -F'
ac_cv_path_GREP=/bin/grep
ac_cv_path_PYTHON=/usr/bin/python
ac_cv_path_SED=/bin/sed
ac_cv_path_ac_pt_PKG_CONFIG=/usr/bin/pkg-config
ac_cv_path_install='/usr/bin/install -c'
ac_cv_path_mkdir=/bin/mkdir
ac_cv_prog_AWK=mawk
ac_cv_prog_BISON=bison
ac_cv_prog_CPP='gcc -E'
ac_cv_prog_CXXCPP='g++ -E'
ac_cv_prog_FLEX=flex
ac_cv_prog_GPERF=gperf
ac_cv_prog_ac_ct_AR=ar
ac_cv_prog_ac_ct_CC=gcc
ac_cv_prog_ac_ct_CXX=g++
ac_cv_prog_ac_ct_OBJDUMP=objdump
ac_cv_prog_ac_ct_RANLIB=ranlib
ac_cv_prog_ac_ct_STRIP=strip
ac_cv_prog_cc_c89=
ac_cv_prog_cc_g=yes
ac_cv_prog_cxx_g=yes
ac_cv_prog_make_make_set=yes
ac_cv_search_mallinfo='none required'
ac_cv_target=i686-pc-linux-gnu
am_cv_CC_dependencies_compiler_type=gcc3
am_cv_CXX_dependencies_compiler_type=gcc3
am_cv_make_support_nested_variables=yes
am_cv_pathless_PYTHON=python
am_cv_prog_cc_c_o=yes
am_cv_python_platform=linux2
am_cv_python_pyexecdir='${exec_prefix}/lib/python2.7/dist-packages'
am_cv_python_pythondir='${prefix}/lib/python2.7/dist-packages'
am_cv_python_version=2.7
ax_cv_cxx_compile_cxx11=no
ax_cv_cxx_compile_cxx11__std_gnupp0x=yes
ax_cv_cxx_compile_cxx11__std_gnupp11=no
lt_cv_deplibs_check_method=pass_all
lt_cv_file_magic_cmd='$MAGIC_CMD'
lt_cv_file_magic_test_file=
lt_cv_ld_reload_flag=-r
lt_cv_nm_interface='BSD nm'
lt_cv_objdir=.libs
lt_cv_path_LD=/usr/bin/ld
lt_cv_path_LDCXX=/usr/bin/ld
lt_cv_path_NM='/usr/bin/nm -B'
lt_cv_prog_compiler_c_o=yes
lt_cv_prog_compiler_c_o_CXX=yes
lt_cv_prog_compiler_pic_works=yes
lt_cv_prog_compiler_pic_works_CXX=yes
lt_cv_prog_compiler_rtti_exceptions=no
lt_cv_prog_compiler_static_works=yes
lt_cv_prog_compiler_static_works_CXX=yes
lt_cv_prog_gnu_ld=yes
lt_cv_prog_gnu_ldcxx=yes
lt_cv_sys_global_symbol_pipe='sed -n -e '\''s/^.*[	 ]\([ABCDGIRSTW][ABCDGIRSTW]*\)[	 ][	 ]*\([_A-Za-z][_A-Za-z0-9]*\)$/\1 \2 \2/p'\'''
lt_cv_sys_global_symbol_to_c_name_address='sed -n -e '\''s/^: \([^ ]*\) $/  {\"\1\", (void *) 0},/p'\'' -e '\''s/^[ABCDGIRSTW]* \([^ ]*\) \([^ ]*\)$/  {"\2", (void *) \&\2},/p'\'''
lt_cv_sys_global_symbol_to_c_name_address_lib_prefix='sed -n -e '\''s/^: \([^ ]*\) $/  {\"\1\", (void *) 0},/p'\'' -e '\''s/^[ABCDGIRSTW]* \([^ ]*\) \(lib[^ ]*\)$/  {"\2", (void *) \&\2},/p'\'' -e '\''s/^[ABCDGIRSTW]* \([^ ]*\) \([^ ]*\)$/  {"lib\2", (void *) \&\2},/p'\'''
lt_cv_sys_global_symbol_to_cdecl='sed -n -e '\''s/^T .* \(.*\)$/extern int \1();/p'\'' -e '\''s/^[ABCDGIRSTW]* .* \(.*\)$/extern char \1;/p'\'''
lt_cv_sys_max_cmd_len=1572864

## ----------------- ##
## Output variables. ##
## ----------------- ##

ACLOCAL='${SHELL} /home/sdruix/mcxx/missing aclocal-1.14'
AMDEPBACKSLASH='\'
AMDEP_FALSE='#'
AMDEP_TRUE=''
AMTAR='$${TAR-tar}'
AM_BACKSLASH='\'
AM_DEFAULT_V='$(AM_DEFAULT_VERBOSITY)'
AM_DEFAULT_VERBOSITY='0'
AM_V='$(V)'
AR='ar'
AUTOCONF='${SHELL} /home/sdruix/mcxx/missing autoconf'
AUTOHEADER='${SHELL} /home/sdruix/mcxx/missing autoheader'
AUTOMAKE='${SHELL} /home/sdruix/mcxx/missing automake-1.14'
AWK='mawk'
BASH='/bin/bash'
BISON='bison'
BISON_BUILDING_FALSE='#'
BISON_BUILDING_TRUE=''
CC='gcc'
CCDEPMODE='depmode=gcc3'
CC_FOR_BUILD='gcc'
CFLAGS='-g -O2'
COMPILER_NAMES='plaincxx plaincc omp-profcc omp-profcxx'
CPP='gcc -E'
CPPFLAGS=''
CUDA_INCLUDES=''
CUDA_LIBS=''
CXX='g++'
CXXCPP='g++ -E'
CXXDEPMODE='depmode=gcc3'
CXXFLAGS='-g -O2 -std=gnu++0x'
CYGPATH_W='echo'
DEFS='-DHAVE_CONFIG_H'
DEPDIR='.deps'
DSYMUTIL=''
DUMPBIN=''
ECHO_C=''
ECHO_N='-n'
ECHO_T=''
EGREP='/bin/grep -E'
ENABLE_PKGLIB_INSTALL_FALSE=''
ENABLE_PKGLIB_INSTALL_TRUE='#'
ENABLE_SUPERSCALAR='no'
EXEEXT=''
FGREP='/bin/grep -F'
FLEX='flex'
FLEX_BUILDING_FALSE='#'
FLEX_BUILDING_TRUE=''
FORTRAN_SUPPORT_FALSE=''
FORTRAN_SUPPORT_TRUE='#'
FRONTEND_EXTENSIONS=''
GIT=''
GPERF='gperf'
GPERF_BUILDING_FALSE='#'
GPERF_BUILDING_TRUE=''
GREP='/bin/grep'
GXLC=''
GXLCXX=''
HAVE_CXX11='1'
ICC=''
ICPC=''
INSTALL_CONFIG_FILES='00.config.plain 10.config.omp-base 50.config.omp.mercurium 50.config.omp.profiling'
INSTALL_DATA='${INSTALL} -m 644'
INSTALL_PROGRAM='${INSTALL}'
INSTALL_SCRIPT='${INSTALL}'
INSTALL_STRIP_PROGRAM='$(install_sh) -c -s'
INSTRUMENTATION_PHASE=''
LD='/usr/bin/ld'
LDFLAGS=''
LIBOBJS=''
LIBS=''
LIBTOOL='$(SHELL) $(top_builddir)/libtool'
LIPO=''
LN_S='ln -s'
LTLIBOBJS=''
MAKEINFO='${SHELL} /home/sdruix/mcxx/missing makeinfo'
MINTAKA_INCLUDES=''
MINTAKA_LIBS=''
MKDIR_P='/bin/mkdir -p'
NANOS4_32_BIT_COMPAT=''
NANOS4_INCLUDES=''
NANOS4_LIBS=''
NANOX_GPU_SUPPORT_FALSE=''
NANOX_GPU_SUPPORT_TRUE='#'
NANOX_INCLUDES=''
NANOX_INSTRUMENTATION=''
NANOX_LIBS=''
NANOX_REGIONS='no'
NANOX_SSE='no'
NEBELUNG_INCLUDES=''
NEBELUNG_LIBS=''
NM='/usr/bin/nm -B'
NMEDIT=''
NVCC=''
OBJDUMP='objdump'
OBJEXT='o'
OTOOL64=''
OTOOL=''
PACKAGE='mcxx'
PACKAGE_BUGREPORT='rferrer@ac.upc.edu'
PACKAGE_NAME='mcxx'
PACKAGE_STRING='mcxx 1.3.5.8'
PACKAGE_TARNAME='mcxx'
PACKAGE_URL=''
PACKAGE_VERSION='1.3.5.8'
PATH_SEPARATOR=':'
PKG_CONFIG='/usr/bin/pkg-config'
PKG_CONFIG_LIBDIR=''
PKG_CONFIG_PATH=''
PYTHON='/usr/bin/python'
PYTHON_EXEC_PREFIX='${exec_prefix}'
PYTHON_PLATFORM='linux2'
PYTHON_PREFIX='${prefix}'
PYTHON_VERSION='2.7'
RANLIB='ranlib'
RPATH_PARAMETER='-rpath'
SED='/bin/sed'
SET_MAKE=''
SHELL='/bin/bash'
STRIP='strip'
SUPERSCALAR_INCLUDES='NONE/include'
SUPERSCALAR_LIBS='NONE/lib'
SUPPORTED_SILENT_RULES_FALSE='#'
SUPPORTED_SILENT_RULES_TRUE=''
TL_EXTENSIONS=' omp'
TL_OMP_EXTENSIONS=' profile'
TPP_BUILDING_FALSE='#'
TPP_BUILDING_TRUE=''
USE_TL_SUPERSCALAR_V3_FALSE=''
USE_TL_SUPERSCALAR_V3_TRUE='#'
USE_TL_SUPERSCALAR_V4_FALSE=''
USE_TL_SUPERSCALAR_V4_TRUE='#'
USE_TL_SUPERSCALAR_V5_FALSE=''
USE_TL_SUPERSCALAR_V5_TRUE='#'
VERSION='1.3.5.8'
WIN32_NO_UNDEFINED=''
WINDOWS_BUILD_FALSE=''
WINDOWS_BUILD_TRUE='#'
ac_ct_CC='gcc'
ac_ct_CXX='g++'
ac_ct_DUMPBIN=''
am__EXEEXT_FALSE=''
am__EXEEXT_TRUE='#'
am__fastdepCC_FALSE='#'
am__fastdepCC_TRUE=''
am__fastdepCXX_FALSE='#'
am__fastdepCXX_TRUE=''
am__include='include'
am__isrc=''
am__leading_dot='.'
am__nodep='_no'
am__quote=''
am__tar='$${TAR-tar} chof - "$$tardir"'
am__untar='$${TAR-tar} xf -'
bindir='${exec_prefix}/bin'
build='i686-pc-linux-gnu'
build_alias=''
build_cpu='i686'
build_os='linux-gnu'
build_vendor='pc'
datadir='${datarootdir}'
datarootdir='${prefix}/share'
docdir='${datarootdir}/doc/${PACKAGE_TARNAME}'
dvidir='${docdir}'
exec_prefix='${prefix}'
fortran_enabled='no'
gpu_valid='no'
host='i686-pc-linux-gnu'
host_alias=''
host_cpu='i686'
host_os='linux-gnu'
host_vendor='pc'
htmldir='${docdir}'
includedir='${prefix}/include'
infodir='${datarootdir}/info'
install_sh='${SHELL} /home/sdruix/mcxx/install-sh'
libdir='${exec_prefix}/lib'
libexecdir='${exec_prefix}/libexec'
localedir='${datarootdir}/locale'
localstatedir='${prefix}/var'
lt_ECHO='echo'
mandir='${datarootdir}/man'
mkdir_p='$(MKDIR_P)'
oldincludedir='/usr/include'
pdfdir='${docdir}'
pkgpyexecdir='${pyexecdir}/mcxx'
pkgpythondir='${pythondir}/mcxx'
prefix='/usr/local'
program_transform_name='s,x,x,'
psdir='${docdir}'
pyexecdir='${exec_prefix}/lib/python2.7/dist-packages'
pythondir='${prefix}/lib/python2.7/dist-packages'
sbindir='${exec_prefix}/sbin'
sharedstatedir='${prefix}/com'
sqlite3_CFLAGS=''
sqlite3_LIBS=''
superscalar_version='none'
sysconfdir='${prefix}/etc'
target='i686-pc-linux-gnu'
target_alias=''
target_cpu='i686'
target_os='linux-gnu'
target_vendor='pc'

## ----------- ##
## confdefs.h. ##
## ----------- ##

/* confdefs.h */
#define PACKAGE_NAME "mcxx"
#define PACKAGE_TARNAME "mcxx"
#define PACKAGE_VERSION "1.3.5.8"
#define PACKAGE_STRING "mcxx 1.3.5.8"
#define PACKAGE_BUGREPORT "rferrer@ac.upc.edu"
#define PACKAGE_URL ""
#define HAVE_CXX11 1
#define PACKAGE "mcxx"
#define VERSION "1.3.5.8"
#define STDC_HEADERS 1
#define HAVE_SYS_TYPES_H 1
#define HAVE_SYS_STAT_H 1
#define HAVE_STDLIB_H 1
#define HAVE_STRING_H 1
#define HAVE_MEMORY_H 1
#define HAVE_STRINGS_H 1
#define HAVE_INTTYPES_H 1
#define HAVE_STDINT_H 1
#define HAVE_UNISTD_H 1
#define HAVE_DLFCN_H 1
#define LT_OBJDIR ".libs/"
#define DEFAULT_TYPE_ENVIRONMENT "linux-i386"
#define STDC_HEADERS 1
#define HAVE_STDINT_H 1
#define HAVE_STRING_H 1
#define HAVE_OPEN_MEMSTREAM 1
#define HAVE_MALLINFO 1
#define HAVE_MKDTEMP 1
#define HAVE_STRSIGNAL 1
#define MCXX_BUILD_VERSION "unknown revision"
#define MCXX_CONFIGURE_ARGS "./configure --enable-tl-openmp-profile --enable-bison-regeneration"

configure: exit 0

## ---------------------- ##
## Running config.status. ##
## ---------------------- ##

This file was extended by mcxx config.status 1.3.5.8, which was
generated by GNU Autoconf 2.69.  Invocation command line was

  CONFIG_FILES    = 
  CONFIG_HEADERS  = 
  CONFIG_LINKS    = 
  CONFIG_COMMANDS = 
  $ ./config.status tests/config/bets

on sdruix-P5K-VM

config.status:1280: creating tests/config/bets

## ---------------------- ##
## Running config.status. ##
## ---------------------- ##

This file was extended by mcxx config.status 1.3.5.8, which was
generated by GNU Autoconf 2.69.  Invocation command line was

  CONFIG_FILES    = 
  CONFIG_HEADERS  = 
  CONFIG_LINKS    = 
  CONFIG_COMMANDS = 
  $ ./config.status tests/config/bets

on sdruix-P5K-VM

config.status:1280: creating tests/config/bets
